{"total": {"lines":{"total":289,"covered":248,"skipped":0,"pct":85.81},"statements":{"total":312,"covered":265,"skipped":0,"pct":84.93},"functions":{"total":96,"covered":87,"skipped":0,"pct":90.62},"branches":{"total":176,"covered":147,"skipped":0,"pct":83.52},"branchesTrue":{"total":0,"covered":0,"skipped":0,"pct":100}}
,"/Users/hannahgerber/code/banksy-frontend/src/api/client.ts": {"lines":{"total":2,"covered":2,"skipped":0,"pct":100},"functions":{"total":0,"covered":0,"skipped":0,"pct":100},"statements":{"total":2,"covered":2,"skipped":0,"pct":100},"branches":{"total":0,"covered":0,"skipped":0,"pct":100}}
,"/Users/hannahgerber/code/banksy-frontend/src/components/Account/AccountPage.tsx": {"lines":{"total":1,"covered":1,"skipped":0,"pct":100},"functions":{"total":1,"covered":1,"skipped":0,"pct":100},"statements":{"total":1,"covered":1,"skipped":0,"pct":100},"branches":{"total":0,"covered":0,"skipped":0,"pct":100}}
,"/Users/hannahgerber/code/banksy-frontend/src/components/AppHeader/AppHeader.tsx": {"lines":{"total":6,"covered":6,"skipped":0,"pct":100},"functions":{"total":1,"covered":1,"skipped":0,"pct":100},"statements":{"total":6,"covered":6,"skipped":0,"pct":100},"branches":{"total":12,"covered":12,"skipped":0,"pct":100}}
,"/Users/hannahgerber/code/banksy-frontend/src/components/AppSidebar/AppSidebar.tsx": {"lines":{"total":7,"covered":7,"skipped":0,"pct":100},"functions":{"total":4,"covered":4,"skipped":0,"pct":100},"statements":{"total":7,"covered":7,"skipped":0,"pct":100},"branches":{"total":14,"covered":14,"skipped":0,"pct":100}}
,"/Users/hannahgerber/code/banksy-frontend/src/components/AuthButton/AuthButton.tsx": {"lines":{"total":10,"covered":9,"skipped":0,"pct":90},"functions":{"total":5,"covered":4,"skipped":0,"pct":80},"statements":{"total":11,"covered":10,"skipped":0,"pct":90.9},"branches":{"total":4,"covered":4,"skipped":0,"pct":100}}
,"/Users/hannahgerber/code/banksy-frontend/src/components/Homepage/HomepagePage.tsx": {"lines":{"total":1,"covered":1,"skipped":0,"pct":100},"functions":{"total":1,"covered":1,"skipped":0,"pct":100},"statements":{"total":1,"covered":1,"skipped":0,"pct":100},"branches":{"total":0,"covered":0,"skipped":0,"pct":100}}
,"/Users/hannahgerber/code/banksy-frontend/src/components/Layout/Layout.tsx": {"lines":{"total":20,"covered":17,"skipped":0,"pct":85},"functions":{"total":8,"covered":5,"skipped":0,"pct":62.5},"statements":{"total":21,"covered":18,"skipped":0,"pct":85.71},"branches":{"total":15,"covered":13,"skipped":0,"pct":86.66}}
,"/Users/hannahgerber/code/banksy-frontend/src/components/LinkAccount/LinkAccount.tsx": {"lines":{"total":2,"covered":2,"skipped":0,"pct":100},"functions":{"total":1,"covered":1,"skipped":0,"pct":100},"statements":{"total":2,"covered":2,"skipped":0,"pct":100},"branches":{"total":0,"covered":0,"skipped":0,"pct":100}}
,"/Users/hannahgerber/code/banksy-frontend/src/components/MonthlyGlance/MonthlyGlance.tsx": {"lines":{"total":57,"covered":20,"skipped":0,"pct":35.08},"functions":{"total":13,"covered":8,"skipped":0,"pct":61.53},"statements":{"total":59,"covered":20,"skipped":0,"pct":33.89},"branches":{"total":35,"covered":17,"skipped":0,"pct":48.57}}
,"/Users/hannahgerber/code/banksy-frontend/src/components/ScheduledDeposits/ScheduledDeposits.tsx": {"lines":{"total":13,"covered":13,"skipped":0,"pct":100},"functions":{"total":6,"covered":6,"skipped":0,"pct":100},"statements":{"total":14,"covered":14,"skipped":0,"pct":100},"branches":{"total":29,"covered":27,"skipped":0,"pct":93.1}}
,"/Users/hannahgerber/code/banksy-frontend/src/components/Settings/SettingsPage.tsx": {"lines":{"total":1,"covered":1,"skipped":0,"pct":100},"functions":{"total":1,"covered":1,"skipped":0,"pct":100},"statements":{"total":1,"covered":1,"skipped":0,"pct":100},"branches":{"total":0,"covered":0,"skipped":0,"pct":100}}
,"/Users/hannahgerber/code/banksy-frontend/src/components/ViewportMask/ViewportMask.tsx": {"lines":{"total":12,"covered":12,"skipped":0,"pct":100},"functions":{"total":2,"covered":2,"skipped":0,"pct":100},"statements":{"total":13,"covered":13,"skipped":0,"pct":100},"branches":{"total":10,"covered":10,"skipped":0,"pct":100}}
,"/Users/hannahgerber/code/banksy-frontend/src/contexts/AuthContext.tsx": {"lines":{"total":14,"covered":14,"skipped":0,"pct":100},"functions":{"total":7,"covered":7,"skipped":0,"pct":100},"statements":{"total":16,"covered":16,"skipped":0,"pct":100},"branches":{"total":2,"covered":2,"skipped":0,"pct":100}}
,"/Users/hannahgerber/code/banksy-frontend/src/contexts/NotificationContext.tsx": {"lines":{"total":23,"covered":23,"skipped":0,"pct":100},"functions":{"total":8,"covered":8,"skipped":0,"pct":100},"statements":{"total":24,"covered":24,"skipped":0,"pct":100},"branches":{"total":7,"covered":7,"skipped":0,"pct":100}}
,"/Users/hannahgerber/code/banksy-frontend/src/contexts/ThemeContext.tsx": {"lines":{"total":35,"covered":35,"skipped":0,"pct":100},"functions":{"total":11,"covered":11,"skipped":0,"pct":100},"statements":{"total":38,"covered":38,"skipped":0,"pct":100},"branches":{"total":16,"covered":15,"skipped":0,"pct":93.75}}
,"/Users/hannahgerber/code/banksy-frontend/src/hooks/useLinkAccount.ts": {"lines":{"total":31,"covered":31,"skipped":0,"pct":100},"functions":{"total":5,"covered":5,"skipped":0,"pct":100},"statements":{"total":31,"covered":31,"skipped":0,"pct":100},"branches":{"total":12,"covered":10,"skipped":0,"pct":83.33}}
,"/Users/hannahgerber/code/banksy-frontend/src/hooks/useMonthlyGlance.ts": {"lines":{"total":24,"covered":24,"skipped":0,"pct":100},"functions":{"total":9,"covered":9,"skipped":0,"pct":100},"statements":{"total":29,"covered":27,"skipped":0,"pct":93.1},"branches":{"total":10,"covered":8,"skipped":0,"pct":80}}
,"/Users/hannahgerber/code/banksy-frontend/src/hooks/useScheduledDeposits.ts": {"lines":{"total":20,"covered":20,"skipped":0,"pct":100},"functions":{"total":8,"covered":8,"skipped":0,"pct":100},"statements":{"total":26,"covered":24,"skipped":0,"pct":92.3},"branches":{"total":10,"covered":8,"skipped":0,"pct":80}}
,"/Users/hannahgerber/code/banksy-frontend/src/services/authService.ts": {"lines":{"total":2,"covered":2,"skipped":0,"pct":100},"functions":{"total":1,"covered":1,"skipped":0,"pct":100},"statements":{"total":2,"covered":2,"skipped":0,"pct":100},"branches":{"total":0,"covered":0,"skipped":0,"pct":100}}
,"/Users/hannahgerber/code/banksy-frontend/src/services/monthlyGlanceService.ts": {"lines":{"total":2,"covered":2,"skipped":0,"pct":100},"functions":{"total":1,"covered":1,"skipped":0,"pct":100},"statements":{"total":2,"covered":2,"skipped":0,"pct":100},"branches":{"total":0,"covered":0,"skipped":0,"pct":100}}
,"/Users/hannahgerber/code/banksy-frontend/src/services/plaidService.ts": {"lines":{"total":4,"covered":4,"skipped":0,"pct":100},"functions":{"total":2,"covered":2,"skipped":0,"pct":100},"statements":{"total":4,"covered":4,"skipped":0,"pct":100},"branches":{"total":0,"covered":0,"skipped":0,"pct":100}}
,"/Users/hannahgerber/code/banksy-frontend/src/services/scheduledDepositsService.ts": {"lines":{"total":2,"covered":2,"skipped":0,"pct":100},"functions":{"total":1,"covered":1,"skipped":0,"pct":100},"statements":{"total":2,"covered":2,"skipped":0,"pct":100},"branches":{"total":0,"covered":0,"skipped":0,"pct":100}}
}
